0 info it worked if it ends with ok
1 verbose cli [ '/Users/richardmarr/Projects/nvm/v0.8.14/bin/node',
1 verbose cli   '/Users/richardmarr/Projects/nvm/v0.8.14/bin/npm',
1 verbose cli   'publish' ]
2 info using npm@1.1.65
3 info using node@v0.8.14
4 verbose publish [ '.' ]
5 verbose read json /Users/richardmarr/Projects/resourceful-elasticsearch/package.json
6 verbose cache add [ '.', null ]
7 silly cache add name=undefined spec="." args=[".",null]
8 verbose parsed url { pathname: '.', path: '.', href: '.' }
9 silly lockFile 3a52ce78- .
10 verbose lock . /Users/richardmarr/.npm/3a52ce78-.lock
11 verbose read json package.json
12 verbose tar pack [ '/var/folders/MR/MRIyTJw1E2i1tfsl1DrF0E+++TI/-Tmp-/npm-13031/1369222327903-0.9946704779285938/tmp.tgz',
12 verbose tar pack   '.' ]
13 verbose tarball /var/folders/MR/MRIyTJw1E2i1tfsl1DrF0E+++TI/-Tmp-/npm-13031/1369222327903-0.9946704779285938/tmp.tgz
14 verbose folder .
15 info prepublish resourceful-elasticsearch@0.1.4
16 silly lockFile a8fdbc4b-27903-0-9946704779285938-tmp-tgz /var/folders/MR/MRIyTJw1E2i1tfsl1DrF0E+++TI/-Tmp-/npm-13031/1369222327903-0.9946704779285938/tmp.tgz
17 verbose lock /var/folders/MR/MRIyTJw1E2i1tfsl1DrF0E+++TI/-Tmp-/npm-13031/1369222327903-0.9946704779285938/tmp.tgz /Users/richardmarr/.npm/a8fdbc4b-27903-0-9946704779285938-tmp-tgz.lock
18 silly lockFile a8fdbc4b-27903-0-9946704779285938-tmp-tgz /var/folders/MR/MRIyTJw1E2i1tfsl1DrF0E+++TI/-Tmp-/npm-13031/1369222327903-0.9946704779285938/tmp.tgz
19 verbose tar unpack /var/folders/MR/MRIyTJw1E2i1tfsl1DrF0E+++TI/-Tmp-/npm-13031/1369222327903-0.9946704779285938/tmp.tgz
20 silly lockFile 941e2643-27903-0-9946704779285938-package /var/folders/MR/MRIyTJw1E2i1tfsl1DrF0E+++TI/-Tmp-/npm-13031/1369222327903-0.9946704779285938/package
21 verbose lock /var/folders/MR/MRIyTJw1E2i1tfsl1DrF0E+++TI/-Tmp-/npm-13031/1369222327903-0.9946704779285938/package /Users/richardmarr/.npm/941e2643-27903-0-9946704779285938-package.lock
22 silly gunzTarPerm modes [ '755', '644' ]
23 silly gunzTarPerm extractEntry package.json
24 silly gunzTarPerm extractEntry .npmignore
25 silly gunzTarPerm extractEntry README.md
26 silly gunzTarPerm extractEntry index.js
27 silly gunzTarPerm extractEntry .travis.yml
28 silly gunzTarPerm extractEntry lib/engine.js
29 silly gunzTarPerm extractEntry lib/resource-search.js
30 silly gunzTarPerm extractEntry test/offline-params-test.js
31 silly gunzTarPerm extractEntry test/online-find-test.js
32 silly gunzTarPerm extractEntry test/online-schema-test.js
33 silly gunzTarPerm extractEntry test/online-search-test.js
34 verbose read json /var/folders/MR/MRIyTJw1E2i1tfsl1DrF0E+++TI/-Tmp-/npm-13031/1369222327903-0.9946704779285938/package/package.json
35 silly lockFile 941e2643-27903-0-9946704779285938-package /var/folders/MR/MRIyTJw1E2i1tfsl1DrF0E+++TI/-Tmp-/npm-13031/1369222327903-0.9946704779285938/package
36 verbose from cache /var/folders/MR/MRIyTJw1E2i1tfsl1DrF0E+++TI/-Tmp-/npm-13031/1369222327903-0.9946704779285938/package/package.json
37 verbose tar pack [ '/Users/richardmarr/.npm/resourceful-elasticsearch/0.1.4/package.tgz',
37 verbose tar pack   '/var/folders/MR/MRIyTJw1E2i1tfsl1DrF0E+++TI/-Tmp-/npm-13031/1369222327903-0.9946704779285938/package' ]
38 verbose tarball /Users/richardmarr/.npm/resourceful-elasticsearch/0.1.4/package.tgz
39 verbose folder /var/folders/MR/MRIyTJw1E2i1tfsl1DrF0E+++TI/-Tmp-/npm-13031/1369222327903-0.9946704779285938/package
40 silly lockFile 0b62e67a--elasticsearch-0-1-4-package-tgz /Users/richardmarr/.npm/resourceful-elasticsearch/0.1.4/package.tgz
41 verbose lock /Users/richardmarr/.npm/resourceful-elasticsearch/0.1.4/package.tgz /Users/richardmarr/.npm/0b62e67a--elasticsearch-0-1-4-package-tgz.lock
42 silly lockFile 0b62e67a--elasticsearch-0-1-4-package-tgz /Users/richardmarr/.npm/resourceful-elasticsearch/0.1.4/package.tgz
43 silly lockFile 62db76df-eful-elasticsearch-0-1-4-package /Users/richardmarr/.npm/resourceful-elasticsearch/0.1.4/package
44 verbose lock /Users/richardmarr/.npm/resourceful-elasticsearch/0.1.4/package /Users/richardmarr/.npm/62db76df-eful-elasticsearch-0-1-4-package.lock
45 silly lockFile 62db76df-eful-elasticsearch-0-1-4-package /Users/richardmarr/.npm/resourceful-elasticsearch/0.1.4/package
46 verbose tar unpack /Users/richardmarr/.npm/resourceful-elasticsearch/0.1.4/package.tgz
47 silly lockFile 62db76df-eful-elasticsearch-0-1-4-package /Users/richardmarr/.npm/resourceful-elasticsearch/0.1.4/package
48 verbose lock /Users/richardmarr/.npm/resourceful-elasticsearch/0.1.4/package /Users/richardmarr/.npm/62db76df-eful-elasticsearch-0-1-4-package.lock
49 silly gunzTarPerm modes [ '755', '644' ]
50 silly gunzTarPerm extractEntry package.json
51 silly gunzTarPerm extractEntry .npmignore
52 silly gunzTarPerm extractEntry README.md
53 silly gunzTarPerm extractEntry index.js
54 silly gunzTarPerm extractEntry .travis.yml
55 silly gunzTarPerm extractEntry lib/engine.js
56 silly gunzTarPerm extractEntry lib/resource-search.js
57 silly gunzTarPerm extractEntry test/offline-params-test.js
58 silly gunzTarPerm extractEntry test/online-find-test.js
59 silly gunzTarPerm extractEntry test/online-schema-test.js
60 silly gunzTarPerm extractEntry test/online-search-test.js
61 verbose read json /Users/richardmarr/.npm/resourceful-elasticsearch/0.1.4/package/package.json
62 silly lockFile 62db76df-eful-elasticsearch-0-1-4-package /Users/richardmarr/.npm/resourceful-elasticsearch/0.1.4/package
63 silly shasum updated bytes 5952
64 info shasum da97a6ba7476a0eac7e4f56f4d4a11e052b09ac3
64 info shasum /Users/richardmarr/.npm/resourceful-elasticsearch/0.1.4/package.tgz
65 verbose from cache /Users/richardmarr/.npm/resourceful-elasticsearch/0.1.4/package/package.json
66 verbose chmod /Users/richardmarr/.npm/resourceful-elasticsearch/0.1.4/package.tgz 644
67 verbose chown /Users/richardmarr/.npm/resourceful-elasticsearch/0.1.4/package.tgz [ 501, 20 ]
68 silly lockFile 3a52ce78- .
69 silly publish { author: { name: 'Richard Marr', email: 'richard.marr@gmail.com' },
69 silly publish   name: 'resourceful-elasticsearch',
69 silly publish   description: 'Elasticsearch engine module for Resourceful ODM',
69 silly publish   version: '0.1.4',
69 silly publish   repository:
69 silly publish    { type: 'git',
69 silly publish      url: 'git://github.com/richmarr/resourceful-elasticsearch.git' },
69 silly publish   main: 'index.js',
69 silly publish   scripts: { test: 'vows test/offline-* --spec -i' },
69 silly publish   engines: { node: '~0.4.7' },
69 silly publish   dependencies: { elastical: '0.0.7', resourceful: '0.1.6' },
69 silly publish   devDependencies: { vows: '~0.6.0' },
69 silly publish   readme: '# resourceful-elasticsearch [![Build Status](https://secure.travis-ci.org/richmarr/resourceful-elasticsearch.png)](http://travis-ci.org/richmarr/resourceful-elasticsearch)\n\nA pluggable engine for [Flatiron][2]\'s [Resourceful][3] ODM layer that exposes [Elasticsearch][4] via the [node-elastical][5] module.\n\nExposes new methods to Resourceful such as `search()` and `terms()` as well as implementing as many of the existing ones as possible.\n\n### Examples\n\nYou can use Lucene query syntax to fetch resources:\n\n``` js\n\tCreature.search("legs:4",function( err, creatures ){\n\t\t// creatures contains an array of matching records\n\t});\n```\n\nYou can power autocomplete UI by looking up term frequencies:\n\n\n``` js\n\tCreature.terms("description",function( err, term ){\n\t\t// creatures contains an array of matching records\n\t});\n```\n\n\n## Installation\n\n``` bash\n\tnpm install resourceful-elasticsearch\n```\n\n## Tests\n\nAll tests are written with [vows][0] and should be run with [npm][1]:\n\n``` bash\n  $ npm test\n```\n\n## Status\n\nSo far this is mainly used by the [Couchelastic][6] hybrid engine so just contains search and \nconfiguration methods, rather than acting as a full data store. I am working on making this a \nfunctioning stand-alone engine but that\'s not my focus right now. \n\nPull requests welcome, please include tests.\n\n\n\n#### Author: Richard Marr\n#### License: Apache 2.0\n\n\n[0]: http://vowsjs.org\n[1]: http://npmjs.org\n[2]: http://flatironjs.org/\n[3]: https://github.com/flatiron/resourceful/\n[4]: http://www.elasticsearch.org\n[5]: https://github.com/rgrove/node-elastical/\n[6]: https://github.com/richmarr/resourceful-couchelastic/',
69 silly publish   readmeFilename: 'README.md',
69 silly publish   _id: 'resourceful-elasticsearch@0.1.4',
69 silly publish   dist: { shasum: 'da97a6ba7476a0eac7e4f56f4d4a11e052b09ac3' } }
70 verbose url raw resourceful-elasticsearch
71 verbose url resolving [ 'https://registry.npmjs.org/', './resourceful-elasticsearch' ]
72 verbose url resolved https://registry.npmjs.org/resourceful-elasticsearch
73 info trying registry request attempt 1 at 12:32:10
74 http PUT https://registry.npmjs.org/resourceful-elasticsearch
75 http 409 https://registry.npmjs.org/resourceful-elasticsearch
76 verbose url raw resourceful-elasticsearch
77 verbose url resolving [ 'https://registry.npmjs.org/', './resourceful-elasticsearch' ]
78 verbose url resolved https://registry.npmjs.org/resourceful-elasticsearch
79 info trying registry request attempt 1 at 12:32:11
80 http GET https://registry.npmjs.org/resourceful-elasticsearch
81 http 200 https://registry.npmjs.org/resourceful-elasticsearch
82 error publish fail Cannot publish over existing version.
82 error publish fail Bump the 'version' field, set the --force flag, or
82 error publish fail     npm unpublish 'resourceful-elasticsearch@0.1.4'
82 error publish fail and try again
83 error System Darwin 10.8.0
84 error command "/Users/richardmarr/Projects/nvm/v0.8.14/bin/node" "/Users/richardmarr/Projects/nvm/v0.8.14/bin/npm" "publish"
85 error cwd /Users/richardmarr/Projects/resourceful-elasticsearch
86 error node -v v0.8.14
87 error npm -v 1.1.65
88 error code EPUBLISHCONFLICT
89 verbose exit [ 1, true ]
